----------

Mon Nov 01 2021 20:36:02 GMT-0600 (Kalliovuorten kesäaika)

Script /home/dustin/Documents/bstd/ferris.chat/git.sh couldn't be run

----------

Mon Nov 01 2021 20:41:40 GMT-0600 (Kalliovuorten kesäaika)

Script /home/dustin/Documents/bstd/ferris.chat/git.sh couldn't be run

----------

Mon Nov 01 2021 20:42:45 GMT-0600 (Kalliovuorten kesäaika)

Script /home/dustin/Documents/bstd/ferris.chat/git.sh couldn't be run

----------

Tue Nov 02 2021 17:54:41 GMT-0500 (Central Daylight Time)

Script /home/hydro/Documents/ferris.chat/git.sh couldn't be run

----------

Tue Nov 02 2021 17:55:15 GMT-0500 (Central Daylight Time)

fatal: not a git repository (or any parent up to mount point /)
Stopping at filesystem boundary (GIT_DISCOVERY_ACROSS_FILESYSTEM not set).


----------

Tue Nov 02 2021 17:55:15 GMT-0500 (Central Daylight Time)

fatal: not a git repository (or any parent up to mount point /)
Stopping at filesystem boundary (GIT_DISCOVERY_ACROSS_FILESYSTEM not set).


----------

Tue Nov 02 2021 17:55:15 GMT-0500 (Central Daylight Time)

fatal: not a git repository (or any parent up to mount point /)
Stopping at filesystem boundary (GIT_DISCOVERY_ACROSS_FILESYSTEM not set).


----------

Tue Nov 02 2021 18:07:20 GMT-0500 (Central Daylight Time)

fatal: not a git repository (or any parent up to mount point /)
Stopping at filesystem boundary (GIT_DISCOVERY_ACROSS_FILESYSTEM not set).


----------

Tue Nov 02 2021 18:07:20 GMT-0500 (Central Daylight Time)

fatal: not a git repository (or any parent up to mount point /)
Stopping at filesystem boundary (GIT_DISCOVERY_ACROSS_FILESYSTEM not set).


----------

Tue Nov 02 2021 18:07:20 GMT-0500 (Central Daylight Time)

fatal: not a git repository (or any parent up to mount point /)
Stopping at filesystem boundary (GIT_DISCOVERY_ACROSS_FILESYSTEM not set).


----------

Tue Nov 02 2021 18:07:20 GMT-0500 (Central Daylight Time)

fatal: not a git repository (or any parent up to mount point /)
Stopping at filesystem boundary (GIT_DISCOVERY_ACROSS_FILESYSTEM not set).


----------

Tue Nov 02 2021 18:10:29 GMT-0500 (Central Daylight Time)

fatal: not a git repository (or any parent up to mount point /)
Stopping at filesystem boundary (GIT_DISCOVERY_ACROSS_FILESYSTEM not set).


----------

Tue Nov 02 2021 18:10:29 GMT-0500 (Central Daylight Time)

fatal: not a git repository (or any parent up to mount point /)
Stopping at filesystem boundary (GIT_DISCOVERY_ACROSS_FILESYSTEM not set).


----------

Tue Nov 02 2021 18:10:29 GMT-0500 (Central Daylight Time)

fatal: not a git repository (or any parent up to mount point /)
Stopping at filesystem boundary (GIT_DISCOVERY_ACROSS_FILESYSTEM not set).


----------

Tue Nov 02 2021 18:10:29 GMT-0500 (Central Daylight Time)

fatal: not a git repository (or any parent up to mount point /)
Stopping at filesystem boundary (GIT_DISCOVERY_ACROSS_FILESYSTEM not set).


----------

Tue Nov 02 2021 18:14:17 GMT-0500 (Central Daylight Time)

hint: Using 'master' as the name for the initial branch. This default branch name
hint: is subject to change. To configure the initial branch name to use in all
hint: of your new repositories, which will suppress this warning, call:
hint: 
hint: 	git config --global init.defaultBranch <name>
hint: 
hint: Names commonly chosen instead of 'master' are 'main', 'trunk' and
hint: 'development'. The just-created branch can be renamed via this command:
hint: 
hint: 	git branch -m <name>


----------

Tue Nov 02 2021 18:14:17 GMT-0500 (Central Daylight Time)

fatal: pathspec 'FerrisChat.bsdesign' did not match any files


----------

Tue Nov 02 2021 18:14:17 GMT-0500 (Central Daylight Time)

fatal: pathspec 'src/*' did not match any files


----------

Tue Nov 02 2021 18:14:17 GMT-0500 (Central Daylight Time)

error: src refspec master does not match any
error: failed to push some refs to 'origin'


